<?xml version="1.0" encoding="UTF-8"?>
<!-- Generated by org.testng.reporters.JUnitReportReporter -->
<testsuite skipped="0" hostname="DESKTOP-5CBRBJ1" name="com.test_get.BDD_Syle" tests="1" failures="0" timestamp="26 Jul 2022 18:08:25 GMT" time="4.015" errors="0">
  <testcase name="postMethod" time="4.015" classname="com.test_get.BDD_Syle"/>
</testsuite> <!-- com.test_get.BDD_Syle -->
