<?xml version="1.0" encoding="UTF-8"?>
<!-- Generated by org.testng.reporters.JUnitReportReporter -->
<testsuite skipped="3" hostname="DESKTOP-5CBRBJ1" name="com.test_get.Test_GET" tests="4" failures="0" timestamp="26 Jul 2022 17:10:53 GMT" time="3.621" errors="0">
  <testcase name="deleteMethod" time="3.621" classname="com.test_get.Test_GET"/>
  <testcase name="putMethod" classname="com.test_get.Test_GET">
    <skipped/>
  </testcase> <!-- putMethod -->
  <testcase name="postMethod" classname="com.test_get.Test_GET">
    <skipped/>
  </testcase> <!-- postMethod -->
  <testcase name="getMethod" classname="com.test_get.Test_GET">
    <skipped/>
  </testcase> <!-- getMethod -->
</testsuite> <!-- com.test_get.Test_GET -->
